<?xml version="1.0" encoding="UTF-8"?>
<!-- Generated by org.testng.reporters.JUnitXMLReporter -->
<testsuite hostname="HP-PC" ignored="0" name="TC_Login_Test" tests="1" failures="0" timestamp="2021-12-05T16:54:44 IST" time="15.412" errors="0">
  <testcase name="@AfterMethod rearDown" time="0.004" classname="com.banking.TestCases.Baseclass">
    <failure type="java.lang.NullPointerException">
      <![CDATA[java.lang.NullPointerException
at com.banking.TestCases.Baseclass.rearDown(Baseclass.java:95)
at java.util.ArrayList.forEach(Unknown Source)
... Removed 32 stack frames]]>
    </failure>
  </testcase> <!-- @AfterMethod rearDown -->
  <testcase name="@AfterTest endRoport" time="-1.638703484381E9" classname="com.banking.TestCases.Baseclass">
    <skipped/>
  </testcase> <!-- @AfterTest endRoport -->
  <testcase name="test" time="0.016" classname="com.banking.TestCases.Baseclass"/>
</testsuite> <!-- TC_Login_Test -->
